<?xml version="1.0" encoding="UTF-8"?>
<!-- Generated by org.testng.reporters.JUnitXMLReporter -->
<testsuite hostname="LAPTOP-4FENMSQH" ignored="0" name="ProQuest" tests="4" failures="0" timestamp="23 Mar 2020 19:40:40 GMT" time="49.792" errors="0">
  <testcase name="googlePageTitleTest" time="0.541" classname="com.proquest.qa.testcases.GooglePageTest"/>
  <testcase name="searchResultsTest" time="0.676" classname="com.proquest.qa.testcases.GooglePageTest"/>
  <testcase name="task1" time="2.604" classname="com.proquest.qa.testcases.SearchResultsPageTest"/>
  <testcase name="task2" time="9.614" classname="com.proquest.qa.testcases.ProQuestHomePageTest"/>
</testsuite> <!-- ProQuest -->
