<?xml version="1.0" encoding="UTF-8"?>
<!-- Generated by org.testng.reporters.JUnitXMLReporter -->
<testsuite hostname="LAPTOP-4FENMSQH" ignored="0" name="Test in Chrome" tests="4" failures="0" timestamp="23 Mar 2020 20:03:10 GMT" time="38.098" errors="0">
  <testcase name="googlePageTitleTest" time="0.015" classname="com.proquest.qa.testcases.GooglePageTest"/>
  <testcase name="searchResultsTest" time="0.414" classname="com.proquest.qa.testcases.GooglePageTest"/>
  <testcase name="task1" time="2.446" classname="com.proquest.qa.testcases.SearchResultsPageTest"/>
  <testcase name="task2" time="6.525" classname="com.proquest.qa.testcases.ProQuestHomePageTest"/>
</testsuite> <!-- Test in Chrome -->
