<?xml version="1.0" encoding="UTF-8"?>
<!-- Generated by org.testng.reporters.JUnitXMLReporter -->
<testsuite hostname="LAPTOP-4FENMSQH" ignored="0" name="Test in Chrome" tests="4" failures="0" timestamp="24 Mar 2020 08:26:04 GMT" time="41.384" errors="0">
  <testcase name="googlePageTitleTest" time="0.011" classname="com.proquest.qa.testcases.GooglePageTest"/>
  <testcase name="searchResultsTest" time="2.976" classname="com.proquest.qa.testcases.GooglePageTest"/>
  <testcase name="task1" time="0.474" classname="com.proquest.qa.testcases.SearchResultsPageTest"/>
  <testcase name="task2" time="5.764" classname="com.proquest.qa.testcases.ProQuestHomePageTest"/>
</testsuite> <!-- Test in Chrome -->
