<?xml version="1.0" encoding="UTF-8"?>
<!-- Generated by org.testng.reporters.JUnitXMLReporter -->
<testsuite hostname="LAPTOP-4FENMSQH" ignored="0" name="Test in Firefox" tests="4" failures="0" timestamp="25 Mar 2020 08:10:40 GMT" time="72.913" errors="0">
  <testcase name="googlePageTitleTest" time="0.028" classname="com.proquest.qa.testcases.GooglePageTest"/>
  <testcase name="searchResultsTest" time="2.067" classname="com.proquest.qa.testcases.GooglePageTest"/>
  <testcase name="task1" time="0.667" classname="com.proquest.qa.testcases.SearchResultsPageTest"/>
  <testcase name="task2" time="6.691" classname="com.proquest.qa.testcases.ProQuestHomePageTest"/>
</testsuite> <!-- Test in Firefox -->
