<?xml version="1.0" encoding="UTF-8"?>
<!-- Generated by org.testng.reporters.JUnitXMLReporter -->
<testsuite hostname="LAPTOP-4FENMSQH" ignored="0" name="Test in Firefox" tests="4" failures="0" timestamp="23 Mar 2020 20:02:32 GMT" time="75.975" errors="0">
  <testcase name="googlePageTitleTest" time="0.037" classname="com.proquest.qa.testcases.GooglePageTest"/>
  <testcase name="searchResultsTest" time="2.608" classname="com.proquest.qa.testcases.GooglePageTest"/>
  <testcase name="task1" time="0.493" classname="com.proquest.qa.testcases.SearchResultsPageTest"/>
  <testcase name="task2" time="8.503" classname="com.proquest.qa.testcases.ProQuestHomePageTest"/>
</testsuite> <!-- Test in Firefox -->
