<?xml version="1.0" encoding="UTF-8"?>
<!-- Generated by org.testng.reporters.JUnitXMLReporter -->
<testsuite hostname="LAPTOP-4FENMSQH" ignored="0" name="Test" tests="4" failures="0" timestamp="22 Mar 2020 14:19:34 GMT" time="85.041" errors="0">
  <testcase name="task1" time="0.658" classname="com.proquest.qa.testcases.SearchResultsPageTest"/>
  <testcase name="task2" time="9.264" classname="com.proquest.qa.testcases.ProQuestHomePageTest"/>
  <testcase name="googlePageTitleTest" time="0.017" classname="com.proquest.qa.testcases.GooglePageTest"/>
  <testcase name="searchResultsTest" time="2.406" classname="com.proquest.qa.testcases.GooglePageTest"/>
</testsuite> <!-- Test -->
