<?xml version="1.0" encoding="UTF-8"?>
<testng-results skipped="0" failed="0" ignored="0" total="8" passed="8">
  <reporter-output>
    <line>
      <![CDATA[Navigated to Google Page,]]>
    </line>
    <line>
      <![CDATA[Entered the text 'ProQuest' in the search text field,]]>
    </line>
    <line>
      <![CDATA[Listed all the search Results of the web page,]]>
    </line>
    <line>
      <![CDATA[Task1 is success and the text file is saved inside the folder 'Results' of the current project]]>
    </line>
    <line>
      <![CDATA[Clicked on Proquest link,]]>
    </line>
    <line>
      <![CDATA[accepted popup,]]>
    </line>
    <line>
      <![CDATA[Searched for 'QA',]]>
    </line>
    <line>
      <![CDATA[Task 2 Success and the screenshot is saved inside folder 'Results' of the current project]]>
    </line>
    <line>
      <![CDATA[Navigated to Google Page,]]>
    </line>
    <line>
      <![CDATA[Entered the text 'ProQuest' in the search text field,]]>
    </line>
    <line>
      <![CDATA[Listed all the search Results of the web page,]]>
    </line>
    <line>
      <![CDATA[Task1 is success and the text file is saved inside the folder 'Results' of the current project]]>
    </line>
    <line>
      <![CDATA[Clicked on Proquest link,]]>
    </line>
    <line>
      <![CDATA[accepted popup,]]>
    </line>
    <line>
      <![CDATA[Searched for 'QA',]]>
    </line>
    <line>
      <![CDATA[Task 2 Success and the screenshot is saved inside folder 'Results' of the current project]]>
    </line>
  </reporter-output>
  <suite name="ProQuest Automation Suite" duration-ms="116243" started-at="2020-03-24T08:24:08Z" finished-at="2020-03-24T08:26:04Z">
    <groups>
    </groups>
    <test name="Test in Firefox" duration-ms="74844" started-at="2020-03-24T08:24:08Z" finished-at="2020-03-24T08:25:23Z">
      <class name="com.proquest.qa.testcases.ProQuestHomePageTest">
        <test-method status="PASS" signature="setup(java.lang.String)[pri:0, instance:com.proquest.qa.testcases.ProQuestHomePageTest@754ba872]" name="setup" is-config="true" duration-ms="14665" started-at="2020-03-24T08:24:54Z" finished-at="2020-03-24T08:25:08Z">
          <params>
            <param index="0">
              <value>
                <![CDATA[FF]]>
              </value>
            </param>
          </params>
          <reporter-output>
          </reporter-output>
        </test-method> <!-- setup -->
        <test-method status="PASS" signature="task2(java.lang.String)[pri:1, instance:com.proquest.qa.testcases.ProQuestHomePageTest@754ba872]" name="task2" duration-ms="7009" started-at="2020-03-24T08:25:08Z" finished-at="2020-03-24T08:25:15Z">
          <params>
            <param index="0">
              <value>
                <![CDATA[FF]]>
              </value>
            </param>
          </params>
          <reporter-output>
            <line>
              <![CDATA[Clicked on Proquest link,]]>
            </line>
            <line>
              <![CDATA[accepted popup,]]>
            </line>
            <line>
              <![CDATA[Searched for 'QA',]]>
            </line>
            <line>
              <![CDATA[Task 2 Success and the screenshot is saved inside folder 'Results' of the current project]]>
            </line>
          </reporter-output>
        </test-method> <!-- task2 -->
        <test-method status="PASS" signature="closeBrowser()[pri:0, instance:com.proquest.qa.testcases.ProQuestHomePageTest@754ba872]" name="closeBrowser" is-config="true" duration-ms="7532" started-at="2020-03-24T08:25:15Z" finished-at="2020-03-24T08:25:23Z">
          <reporter-output>
          </reporter-output>
        </test-method> <!-- closeBrowser -->
      </class> <!-- com.proquest.qa.testcases.ProQuestHomePageTest -->
      <class name="com.proquest.qa.testcases.SearchResultsPageTest">
        <test-method status="PASS" signature="setup(java.lang.String)[pri:0, instance:com.proquest.qa.testcases.SearchResultsPageTest@e25b2fe]" name="setup" is-config="true" duration-ms="10612" started-at="2020-03-24T08:24:38Z" finished-at="2020-03-24T08:24:49Z">
          <params>
            <param index="0">
              <value>
                <![CDATA[FF]]>
              </value>
            </param>
          </params>
          <reporter-output>
          </reporter-output>
        </test-method> <!-- setup -->
        <test-method status="PASS" signature="task1(java.lang.String)[pri:1, instance:com.proquest.qa.testcases.SearchResultsPageTest@e25b2fe]" name="task1" duration-ms="462" started-at="2020-03-24T08:24:49Z" finished-at="2020-03-24T08:24:49Z">
          <params>
            <param index="0">
              <value>
                <![CDATA[FF]]>
              </value>
            </param>
          </params>
          <reporter-output>
            <line>
              <![CDATA[Listed all the search Results of the web page,]]>
            </line>
            <line>
              <![CDATA[Task1 is success and the text file is saved inside the folder 'Results' of the current project]]>
            </line>
          </reporter-output>
        </test-method> <!-- task1 -->
        <test-method status="PASS" signature="closeBrowser()[pri:0, instance:com.proquest.qa.testcases.SearchResultsPageTest@e25b2fe]" name="closeBrowser" is-config="true" duration-ms="4706" started-at="2020-03-24T08:24:49Z" finished-at="2020-03-24T08:24:54Z">
          <reporter-output>
          </reporter-output>
        </test-method> <!-- closeBrowser -->
      </class> <!-- com.proquest.qa.testcases.SearchResultsPageTest -->
      <class name="com.proquest.qa.testcases.GooglePageTest">
        <test-method status="PASS" signature="setup(java.lang.String)[pri:0, instance:com.proquest.qa.testcases.GooglePageTest@204f30ec]" name="setup" is-config="true" duration-ms="9721" started-at="2020-03-24T08:24:08Z" finished-at="2020-03-24T08:24:18Z">
          <params>
            <param index="0">
              <value>
                <![CDATA[FF]]>
              </value>
            </param>
          </params>
          <reporter-output>
          </reporter-output>
        </test-method> <!-- setup -->
        <test-method status="PASS" signature="googlePageTitleTest()[pri:0, instance:com.proquest.qa.testcases.GooglePageTest@204f30ec]" name="googlePageTitleTest" duration-ms="33" started-at="2020-03-24T08:24:18Z" finished-at="2020-03-24T08:24:18Z">
          <reporter-output>
            <line>
              <![CDATA[Navigated to Google Page,]]>
            </line>
          </reporter-output>
        </test-method> <!-- googlePageTitleTest -->
        <test-method status="PASS" signature="closeBrowser()[pri:0, instance:com.proquest.qa.testcases.GooglePageTest@204f30ec]" name="closeBrowser" is-config="true" duration-ms="4141" started-at="2020-03-24T08:24:18Z" finished-at="2020-03-24T08:24:22Z">
          <reporter-output>
          </reporter-output>
        </test-method> <!-- closeBrowser -->
        <test-method status="PASS" signature="setup(java.lang.String)[pri:0, instance:com.proquest.qa.testcases.GooglePageTest@204f30ec]" name="setup" is-config="true" duration-ms="8289" started-at="2020-03-24T08:24:22Z" finished-at="2020-03-24T08:24:30Z">
          <params>
            <param index="0">
              <value>
                <![CDATA[FF]]>
              </value>
            </param>
          </params>
          <reporter-output>
          </reporter-output>
        </test-method> <!-- setup -->
        <test-method status="PASS" signature="searchResultsTest()[pri:1, instance:com.proquest.qa.testcases.GooglePageTest@204f30ec]" name="searchResultsTest" duration-ms="2631" started-at="2020-03-24T08:24:30Z" finished-at="2020-03-24T08:24:33Z">
          <reporter-output>
            <line>
              <![CDATA[Entered the text 'ProQuest' in the search text field,]]>
            </line>
          </reporter-output>
        </test-method> <!-- searchResultsTest -->
        <test-method status="PASS" signature="closeBrowser()[pri:0, instance:com.proquest.qa.testcases.GooglePageTest@204f30ec]" name="closeBrowser" is-config="true" duration-ms="4985" started-at="2020-03-24T08:24:33Z" finished-at="2020-03-24T08:24:38Z">
          <reporter-output>
          </reporter-output>
        </test-method> <!-- closeBrowser -->
      </class> <!-- com.proquest.qa.testcases.GooglePageTest -->
    </test> <!-- Test in Firefox -->
    <test name="Test in Chrome" duration-ms="41384" started-at="2020-03-24T08:25:23Z" finished-at="2020-03-24T08:26:04Z">
      <class name="com.proquest.qa.testcases.ProQuestHomePageTest">
        <test-method status="PASS" signature="setup(java.lang.String)[pri:0, instance:com.proquest.qa.testcases.ProQuestHomePageTest@1e397ed7]" name="setup" is-config="true" duration-ms="10833" started-at="2020-03-24T08:25:47Z" finished-at="2020-03-24T08:25:58Z">
          <params>
            <param index="0">
              <value>
                <![CDATA[chrome]]>
              </value>
            </param>
          </params>
          <reporter-output>
          </reporter-output>
        </test-method> <!-- setup -->
        <test-method status="PASS" signature="task2(java.lang.String)[pri:1, instance:com.proquest.qa.testcases.ProQuestHomePageTest@1e397ed7]" name="task2" duration-ms="5764" started-at="2020-03-24T08:25:58Z" finished-at="2020-03-24T08:26:04Z">
          <params>
            <param index="0">
              <value>
                <![CDATA[chrome]]>
              </value>
            </param>
          </params>
          <reporter-output>
            <line>
              <![CDATA[Clicked on Proquest link,]]>
            </line>
            <line>
              <![CDATA[accepted popup,]]>
            </line>
            <line>
              <![CDATA[Searched for 'QA',]]>
            </line>
            <line>
              <![CDATA[Task 2 Success and the screenshot is saved inside folder 'Results' of the current project]]>
            </line>
          </reporter-output>
        </test-method> <!-- task2 -->
        <test-method status="PASS" signature="closeBrowser()[pri:0, instance:com.proquest.qa.testcases.ProQuestHomePageTest@1e397ed7]" name="closeBrowser" is-config="true" duration-ms="741" started-at="2020-03-24T08:26:04Z" finished-at="2020-03-24T08:26:04Z">
          <reporter-output>
          </reporter-output>
        </test-method> <!-- closeBrowser -->
      </class> <!-- com.proquest.qa.testcases.ProQuestHomePageTest -->
      <class name="com.proquest.qa.testcases.SearchResultsPageTest">
        <test-method status="PASS" signature="setup(java.lang.String)[pri:0, instance:com.proquest.qa.testcases.SearchResultsPageTest@3f49dace]" name="setup" is-config="true" duration-ms="8511" started-at="2020-03-24T08:25:37Z" finished-at="2020-03-24T08:25:45Z">
          <params>
            <param index="0">
              <value>
                <![CDATA[chrome]]>
              </value>
            </param>
          </params>
          <reporter-output>
          </reporter-output>
        </test-method> <!-- setup -->
        <test-method status="PASS" signature="task1(java.lang.String)[pri:1, instance:com.proquest.qa.testcases.SearchResultsPageTest@3f49dace]" name="task1" duration-ms="474" started-at="2020-03-24T08:25:45Z" finished-at="2020-03-24T08:25:46Z">
          <params>
            <param index="0">
              <value>
                <![CDATA[chrome]]>
              </value>
            </param>
          </params>
          <reporter-output>
            <line>
              <![CDATA[Listed all the search Results of the web page,]]>
            </line>
            <line>
              <![CDATA[Task1 is success and the text file is saved inside the folder 'Results' of the current project]]>
            </line>
          </reporter-output>
        </test-method> <!-- task1 -->
        <test-method status="PASS" signature="closeBrowser()[pri:0, instance:com.proquest.qa.testcases.SearchResultsPageTest@3f49dace]" name="closeBrowser" is-config="true" duration-ms="1142" started-at="2020-03-24T08:25:46Z" finished-at="2020-03-24T08:25:47Z">
          <reporter-output>
          </reporter-output>
        </test-method> <!-- closeBrowser -->
      </class> <!-- com.proquest.qa.testcases.SearchResultsPageTest -->
      <class name="com.proquest.qa.testcases.GooglePageTest">
        <test-method status="PASS" signature="setup(java.lang.String)[pri:0, instance:com.proquest.qa.testcases.GooglePageTest@31a5c39e]" name="setup" is-config="true" duration-ms="4757" started-at="2020-03-24T08:25:23Z" finished-at="2020-03-24T08:25:28Z">
          <params>
            <param index="0">
              <value>
                <![CDATA[chrome]]>
              </value>
            </param>
          </params>
          <reporter-output>
          </reporter-output>
        </test-method> <!-- setup -->
        <test-method status="PASS" signature="googlePageTitleTest()[pri:0, instance:com.proquest.qa.testcases.GooglePageTest@31a5c39e]" name="googlePageTitleTest" duration-ms="11" started-at="2020-03-24T08:25:28Z" finished-at="2020-03-24T08:25:28Z">
          <reporter-output>
            <line>
              <![CDATA[Navigated to Google Page,]]>
            </line>
          </reporter-output>
        </test-method> <!-- googlePageTitleTest -->
        <test-method status="PASS" signature="closeBrowser()[pri:0, instance:com.proquest.qa.testcases.GooglePageTest@31a5c39e]" name="closeBrowser" is-config="true" duration-ms="698" started-at="2020-03-24T08:25:28Z" finished-at="2020-03-24T08:25:28Z">
          <reporter-output>
          </reporter-output>
        </test-method> <!-- closeBrowser -->
        <test-method status="PASS" signature="setup(java.lang.String)[pri:0, instance:com.proquest.qa.testcases.GooglePageTest@31a5c39e]" name="setup" is-config="true" duration-ms="4755" started-at="2020-03-24T08:25:28Z" finished-at="2020-03-24T08:25:33Z">
          <params>
            <param index="0">
              <value>
                <![CDATA[chrome]]>
              </value>
            </param>
          </params>
          <reporter-output>
          </reporter-output>
        </test-method> <!-- setup -->
        <test-method status="PASS" signature="searchResultsTest()[pri:1, instance:com.proquest.qa.testcases.GooglePageTest@31a5c39e]" name="searchResultsTest" duration-ms="2976" started-at="2020-03-24T08:25:33Z" finished-at="2020-03-24T08:25:36Z">
          <reporter-output>
            <line>
              <![CDATA[Entered the text 'ProQuest' in the search text field,]]>
            </line>
          </reporter-output>
        </test-method> <!-- searchResultsTest -->
        <test-method status="PASS" signature="closeBrowser()[pri:0, instance:com.proquest.qa.testcases.GooglePageTest@31a5c39e]" name="closeBrowser" is-config="true" duration-ms="716" started-at="2020-03-24T08:25:36Z" finished-at="2020-03-24T08:25:37Z">
          <reporter-output>
          </reporter-output>
        </test-method> <!-- closeBrowser -->
      </class> <!-- com.proquest.qa.testcases.GooglePageTest -->
    </test> <!-- Test in Chrome -->
  </suite> <!-- ProQuest Automation Suite -->
</testng-results>
