<?xml version="1.0" encoding="UTF-8"?>
<testng-results skipped="0" failed="0" ignored="0" total="8" passed="8">
  <reporter-output>
    <line>
      <![CDATA[Navigated to Google Page,]]>
    </line>
    <line>
      <![CDATA[Entered the text 'ProQuest' in the search text field,]]>
    </line>
    <line>
      <![CDATA[Listed all the search Results of the web page,]]>
    </line>
    <line>
      <![CDATA[Task1 is success and the text file is saved inside the folder 'Results' of the current project]]>
    </line>
    <line>
      <![CDATA[Clicked on Proquest link,]]>
    </line>
    <line>
      <![CDATA[accepted popup,]]>
    </line>
    <line>
      <![CDATA[Searched for 'QA',]]>
    </line>
    <line>
      <![CDATA[Task 2 Success and the screenshot is saved inside folder 'Results' of the current project]]>
    </line>
    <line>
      <![CDATA[Navigated to Google Page,]]>
    </line>
    <line>
      <![CDATA[Entered the text 'ProQuest' in the search text field,]]>
    </line>
    <line>
      <![CDATA[Listed all the search Results of the web page,]]>
    </line>
    <line>
      <![CDATA[Task1 is success and the text file is saved inside the folder 'Results' of the current project]]>
    </line>
    <line>
      <![CDATA[Clicked on Proquest link,]]>
    </line>
    <line>
      <![CDATA[accepted popup,]]>
    </line>
    <line>
      <![CDATA[Searched for 'QA',]]>
    </line>
    <line>
      <![CDATA[Task 2 Success and the screenshot is saved inside folder 'Results' of the current project]]>
    </line>
  </reporter-output>
  <suite name="ProQuest Automation Suite" duration-ms="114088" started-at="2020-03-23T20:01:16Z" finished-at="2020-03-23T20:03:10Z">
    <groups>
    </groups>
    <test name="Test in Firefox" duration-ms="75975" started-at="2020-03-23T20:01:16Z" finished-at="2020-03-23T20:02:32Z">
      <class name="com.proquest.qa.testcases.ProQuestHomePageTest">
        <test-method status="PASS" signature="setup(java.lang.String)[pri:0, instance:com.proquest.qa.testcases.ProQuestHomePageTest@754ba872]" name="setup" is-config="true" duration-ms="13678" started-at="2020-03-23T20:02:02Z" finished-at="2020-03-23T20:02:15Z">
          <params>
            <param index="0">
              <value>
                <![CDATA[FF]]>
              </value>
            </param>
          </params>
          <reporter-output>
          </reporter-output>
        </test-method> <!-- setup -->
        <test-method status="PASS" signature="task2()[pri:1, instance:com.proquest.qa.testcases.ProQuestHomePageTest@754ba872]" name="task2" duration-ms="8503" started-at="2020-03-23T20:02:15Z" finished-at="2020-03-23T20:02:24Z">
          <reporter-output>
            <line>
              <![CDATA[Clicked on Proquest link,]]>
            </line>
            <line>
              <![CDATA[accepted popup,]]>
            </line>
            <line>
              <![CDATA[Searched for 'QA',]]>
            </line>
            <line>
              <![CDATA[Task 2 Success and the screenshot is saved inside folder 'Results' of the current project]]>
            </line>
          </reporter-output>
        </test-method> <!-- task2 -->
        <test-method status="PASS" signature="closeBrowser()[pri:0, instance:com.proquest.qa.testcases.ProQuestHomePageTest@754ba872]" name="closeBrowser" is-config="true" duration-ms="8084" started-at="2020-03-23T20:02:24Z" finished-at="2020-03-23T20:02:32Z">
          <reporter-output>
          </reporter-output>
        </test-method> <!-- closeBrowser -->
      </class> <!-- com.proquest.qa.testcases.ProQuestHomePageTest -->
      <class name="com.proquest.qa.testcases.SearchResultsPageTest">
        <test-method status="PASS" signature="setup(java.lang.String)[pri:0, instance:com.proquest.qa.testcases.SearchResultsPageTest@e25b2fe]" name="setup" is-config="true" duration-ms="11242" started-at="2020-03-23T20:01:45Z" finished-at="2020-03-23T20:01:56Z">
          <params>
            <param index="0">
              <value>
                <![CDATA[FF]]>
              </value>
            </param>
          </params>
          <reporter-output>
          </reporter-output>
        </test-method> <!-- setup -->
        <test-method status="PASS" signature="task1()[pri:1, instance:com.proquest.qa.testcases.SearchResultsPageTest@e25b2fe]" name="task1" duration-ms="493" started-at="2020-03-23T20:01:56Z" finished-at="2020-03-23T20:01:57Z">
          <reporter-output>
            <line>
              <![CDATA[Listed all the search Results of the web page,]]>
            </line>
            <line>
              <![CDATA[Task1 is success and the text file is saved inside the folder 'Results' of the current project]]>
            </line>
          </reporter-output>
        </test-method> <!-- task1 -->
        <test-method status="PASS" signature="closeBrowser()[pri:0, instance:com.proquest.qa.testcases.SearchResultsPageTest@e25b2fe]" name="closeBrowser" is-config="true" duration-ms="4924" started-at="2020-03-23T20:01:57Z" finished-at="2020-03-23T20:02:02Z">
          <reporter-output>
          </reporter-output>
        </test-method> <!-- closeBrowser -->
      </class> <!-- com.proquest.qa.testcases.SearchResultsPageTest -->
      <class name="com.proquest.qa.testcases.GooglePageTest">
        <test-method status="PASS" signature="setup(java.lang.String)[pri:0, instance:com.proquest.qa.testcases.GooglePageTest@204f30ec]" name="setup" is-config="true" duration-ms="8969" started-at="2020-03-23T20:01:16Z" finished-at="2020-03-23T20:01:25Z">
          <params>
            <param index="0">
              <value>
                <![CDATA[FF]]>
              </value>
            </param>
          </params>
          <reporter-output>
          </reporter-output>
        </test-method> <!-- setup -->
        <test-method status="PASS" signature="googlePageTitleTest()[pri:0, instance:com.proquest.qa.testcases.GooglePageTest@204f30ec]" name="googlePageTitleTest" duration-ms="37" started-at="2020-03-23T20:01:25Z" finished-at="2020-03-23T20:01:25Z">
          <reporter-output>
            <line>
              <![CDATA[Navigated to Google Page,]]>
            </line>
          </reporter-output>
        </test-method> <!-- googlePageTitleTest -->
        <test-method status="PASS" signature="closeBrowser()[pri:0, instance:com.proquest.qa.testcases.GooglePageTest@204f30ec]" name="closeBrowser" is-config="true" duration-ms="4115" started-at="2020-03-23T20:01:25Z" finished-at="2020-03-23T20:01:29Z">
          <reporter-output>
          </reporter-output>
        </test-method> <!-- closeBrowser -->
        <test-method status="PASS" signature="setup(java.lang.String)[pri:0, instance:com.proquest.qa.testcases.GooglePageTest@204f30ec]" name="setup" is-config="true" duration-ms="8810" started-at="2020-03-23T20:01:29Z" finished-at="2020-03-23T20:01:38Z">
          <params>
            <param index="0">
              <value>
                <![CDATA[FF]]>
              </value>
            </param>
          </params>
          <reporter-output>
          </reporter-output>
        </test-method> <!-- setup -->
        <test-method status="PASS" signature="searchResultsTest()[pri:1, instance:com.proquest.qa.testcases.GooglePageTest@204f30ec]" name="searchResultsTest" duration-ms="2608" started-at="2020-03-23T20:01:38Z" finished-at="2020-03-23T20:01:41Z">
          <reporter-output>
            <line>
              <![CDATA[Entered the text 'ProQuest' in the search text field,]]>
            </line>
          </reporter-output>
        </test-method> <!-- searchResultsTest -->
        <test-method status="PASS" signature="closeBrowser()[pri:0, instance:com.proquest.qa.testcases.GooglePageTest@204f30ec]" name="closeBrowser" is-config="true" duration-ms="4473" started-at="2020-03-23T20:01:41Z" finished-at="2020-03-23T20:01:45Z">
          <reporter-output>
          </reporter-output>
        </test-method> <!-- closeBrowser -->
      </class> <!-- com.proquest.qa.testcases.GooglePageTest -->
    </test> <!-- Test in Firefox -->
    <test name="Test in Chrome" duration-ms="38098" started-at="2020-03-23T20:02:32Z" finished-at="2020-03-23T20:03:10Z">
      <class name="com.proquest.qa.testcases.ProQuestHomePageTest">
        <test-method status="PASS" signature="setup(java.lang.String)[pri:0, instance:com.proquest.qa.testcases.ProQuestHomePageTest@1e397ed7]" name="setup" is-config="true" duration-ms="8705" started-at="2020-03-23T20:02:54Z" finished-at="2020-03-23T20:03:03Z">
          <params>
            <param index="0">
              <value>
                <![CDATA[chrome]]>
              </value>
            </param>
          </params>
          <reporter-output>
          </reporter-output>
        </test-method> <!-- setup -->
        <test-method status="PASS" signature="task2()[pri:1, instance:com.proquest.qa.testcases.ProQuestHomePageTest@1e397ed7]" name="task2" duration-ms="6525" started-at="2020-03-23T20:03:03Z" finished-at="2020-03-23T20:03:09Z">
          <reporter-output>
            <line>
              <![CDATA[Clicked on Proquest link,]]>
            </line>
            <line>
              <![CDATA[accepted popup,]]>
            </line>
            <line>
              <![CDATA[Searched for 'QA',]]>
            </line>
            <line>
              <![CDATA[Task 2 Success and the screenshot is saved inside folder 'Results' of the current project]]>
            </line>
          </reporter-output>
        </test-method> <!-- task2 -->
        <test-method status="PASS" signature="closeBrowser()[pri:0, instance:com.proquest.qa.testcases.ProQuestHomePageTest@1e397ed7]" name="closeBrowser" is-config="true" duration-ms="764" started-at="2020-03-23T20:03:09Z" finished-at="2020-03-23T20:03:10Z">
          <reporter-output>
          </reporter-output>
        </test-method> <!-- closeBrowser -->
      </class> <!-- com.proquest.qa.testcases.ProQuestHomePageTest -->
      <class name="com.proquest.qa.testcases.SearchResultsPageTest">
        <test-method status="PASS" signature="setup(java.lang.String)[pri:0, instance:com.proquest.qa.testcases.SearchResultsPageTest@3f49dace]" name="setup" is-config="true" duration-ms="6250" started-at="2020-03-23T20:02:45Z" finished-at="2020-03-23T20:02:51Z">
          <params>
            <param index="0">
              <value>
                <![CDATA[chrome]]>
              </value>
            </param>
          </params>
          <reporter-output>
          </reporter-output>
        </test-method> <!-- setup -->
        <test-method status="PASS" signature="task1()[pri:1, instance:com.proquest.qa.testcases.SearchResultsPageTest@3f49dace]" name="task1" duration-ms="2446" started-at="2020-03-23T20:02:51Z" finished-at="2020-03-23T20:02:53Z">
          <reporter-output>
            <line>
              <![CDATA[Listed all the search Results of the web page,]]>
            </line>
            <line>
              <![CDATA[Task1 is success and the text file is saved inside the folder 'Results' of the current project]]>
            </line>
          </reporter-output>
        </test-method> <!-- task1 -->
        <test-method status="PASS" signature="closeBrowser()[pri:0, instance:com.proquest.qa.testcases.SearchResultsPageTest@3f49dace]" name="closeBrowser" is-config="true" duration-ms="747" started-at="2020-03-23T20:02:53Z" finished-at="2020-03-23T20:02:54Z">
          <reporter-output>
          </reporter-output>
        </test-method> <!-- closeBrowser -->
      </class> <!-- com.proquest.qa.testcases.SearchResultsPageTest -->
      <class name="com.proquest.qa.testcases.GooglePageTest">
        <test-method status="PASS" signature="setup(java.lang.String)[pri:0, instance:com.proquest.qa.testcases.GooglePageTest@31a5c39e]" name="setup" is-config="true" duration-ms="5638" started-at="2020-03-23T20:02:32Z" finished-at="2020-03-23T20:02:38Z">
          <params>
            <param index="0">
              <value>
                <![CDATA[chrome]]>
              </value>
            </param>
          </params>
          <reporter-output>
          </reporter-output>
        </test-method> <!-- setup -->
        <test-method status="PASS" signature="googlePageTitleTest()[pri:0, instance:com.proquest.qa.testcases.GooglePageTest@31a5c39e]" name="googlePageTitleTest" duration-ms="15" started-at="2020-03-23T20:02:38Z" finished-at="2020-03-23T20:02:38Z">
          <reporter-output>
            <line>
              <![CDATA[Navigated to Google Page,]]>
            </line>
          </reporter-output>
        </test-method> <!-- googlePageTitleTest -->
        <test-method status="PASS" signature="closeBrowser()[pri:0, instance:com.proquest.qa.testcases.GooglePageTest@31a5c39e]" name="closeBrowser" is-config="true" duration-ms="719" started-at="2020-03-23T20:02:38Z" finished-at="2020-03-23T20:02:38Z">
          <reporter-output>
          </reporter-output>
        </test-method> <!-- closeBrowser -->
        <test-method status="PASS" signature="setup(java.lang.String)[pri:0, instance:com.proquest.qa.testcases.GooglePageTest@31a5c39e]" name="setup" is-config="true" duration-ms="5180" started-at="2020-03-23T20:02:38Z" finished-at="2020-03-23T20:02:43Z">
          <params>
            <param index="0">
              <value>
                <![CDATA[chrome]]>
              </value>
            </param>
          </params>
          <reporter-output>
          </reporter-output>
        </test-method> <!-- setup -->
        <test-method status="PASS" signature="searchResultsTest()[pri:1, instance:com.proquest.qa.testcases.GooglePageTest@31a5c39e]" name="searchResultsTest" duration-ms="414" started-at="2020-03-23T20:02:43Z" finished-at="2020-03-23T20:02:44Z">
          <reporter-output>
            <line>
              <![CDATA[Entered the text 'ProQuest' in the search text field,]]>
            </line>
          </reporter-output>
        </test-method> <!-- searchResultsTest -->
        <test-method status="PASS" signature="closeBrowser()[pri:0, instance:com.proquest.qa.testcases.GooglePageTest@31a5c39e]" name="closeBrowser" is-config="true" duration-ms="683" started-at="2020-03-23T20:02:44Z" finished-at="2020-03-23T20:02:45Z">
          <reporter-output>
          </reporter-output>
        </test-method> <!-- closeBrowser -->
      </class> <!-- com.proquest.qa.testcases.GooglePageTest -->
    </test> <!-- Test in Chrome -->
  </suite> <!-- ProQuest Automation Suite -->
</testng-results>
